<?xml version="1.0" encoding="UTF-8"?>
<coverage generated="1769485747817" clover="3.2.0">
  <project timestamp="1769485747817" name="All files">
    <metrics statements="51" coveredstatements="21" conditionals="12" coveredconditionals="6" methods="28" coveredmethods="9" elements="91" coveredelements="36" complexity="0" loc="51" ncloc="51" packages="3" files="5" classes="5"/>
    <package name="src">
      <metrics statements="13" coveredstatements="2" conditionals="0" coveredconditionals="0" methods="6" coveredmethods="1"/>
      <file name="firstStepsApp.tsx" path="C:\Users\zaddk\OneDrive - Instituto Politecnico Nacional\Documents\ApuntesLenguajes\React\2-first-steps\src\firstStepsApp.tsx">
        <metrics statements="13" coveredstatements="2" conditionals="0" coveredconditionals="0" methods="6" coveredmethods="1"/>
        <line num="5" count="2" type="stmt"/>
        <line num="12" count="0" type="stmt"/>
        <line num="21" count="0" type="stmt"/>
        <line num="31" count="0" type="stmt"/>
        <line num="43" count="0" type="stmt"/>
        <line num="44" count="0" type="stmt"/>
        <line num="45" count="0" type="stmt"/>
        <line num="46" count="0" type="stmt"/>
        <line num="52" count="0" type="stmt"/>
        <line num="66" count="1" type="stmt"/>
        <line num="73" count="0" type="stmt"/>
        <line num="75" count="0" type="stmt"/>
        <line num="84" count="0" type="stmt"/>
      </file>
    </package>
    <package name="src.helpers">
      <metrics statements="8" coveredstatements="7" conditionals="0" coveredconditionals="0" methods="4" coveredmethods="3"/>
      <file name="math.helper.ts" path="C:\Users\zaddk\OneDrive - Instituto Politecnico Nacional\Documents\ApuntesLenguajes\React\2-first-steps\src\helpers\math.helper.ts">
        <metrics statements="8" coveredstatements="7" conditionals="0" coveredconditionals="0" methods="4" coveredmethods="3"/>
        <line num="2" count="1" type="stmt"/>
        <line num="3" count="2" type="stmt"/>
        <line num="6" count="1" type="stmt"/>
        <line num="7" count="2" type="stmt"/>
        <line num="10" count="1" type="stmt"/>
        <line num="11" count="3" type="stmt"/>
        <line num="14" count="1" type="stmt"/>
        <line num="15" count="0" type="stmt"/>
      </file>
    </package>
    <package name="src.shopping-cart">
      <metrics statements="30" coveredstatements="12" conditionals="12" coveredconditionals="6" methods="18" coveredmethods="5"/>
      <file name="itemCounter.css" path="C:\Users\zaddk\OneDrive - Instituto Politecnico Nacional\Documents\ApuntesLenguajes\React\2-first-steps\src\shopping-cart\itemCounter.css">
        <metrics statements="0" coveredstatements="0" conditionals="0" coveredconditionals="0" methods="0" coveredmethods="0"/>
      </file>
      <file name="itemCounter.tsx" path="C:\Users\zaddk\OneDrive - Instituto Politecnico Nacional\Documents\ApuntesLenguajes\React\2-first-steps\src\shopping-cart\itemCounter.tsx">
        <metrics statements="27" coveredstatements="9" conditionals="12" coveredconditionals="6" methods="16" coveredmethods="3"/>
        <line num="5" count="0" type="stmt"/>
        <line num="16" count="0" type="stmt"/>
        <line num="36" count="0" type="stmt"/>
        <line num="52" count="0" type="stmt"/>
        <line num="69" count="1" type="stmt"/>
        <line num="76" count="0" type="stmt"/>
        <line num="85" count="0" type="stmt"/>
        <line num="104" count="0" type="stmt"/>
        <line num="108" count="0" type="stmt"/>
        <line num="112" count="0" type="stmt"/>
        <line num="119" count="0" type="stmt"/>
        <line num="145" count="0" type="stmt"/>
        <line num="153" count="0" type="stmt"/>
        <line num="154" count="0" type="cond" truecount="0" falsecount="2"/>
        <line num="157" count="0" type="stmt"/>
        <line num="160" count="0" type="stmt"/>
        <line num="161" count="0" type="cond" truecount="0" falsecount="2"/>
        <line num="162" count="0" type="stmt"/>
        <line num="165" count="0" type="stmt"/>
        <line num="183" count="6" type="stmt"/>
        <line num="185" count="6" type="stmt"/>
        <line num="186" count="1" type="cond" truecount="1" falsecount="1"/>
        <line num="187" count="1" type="stmt"/>
        <line num="190" count="6" type="stmt"/>
        <line num="191" count="2" type="cond" truecount="2" falsecount="0"/>
        <line num="192" count="1" type="stmt"/>
        <line num="195" count="6" type="stmt"/>
      </file>
      <file name="itemList.tsx" path="C:\Users\zaddk\OneDrive - Instituto Politecnico Nacional\Documents\ApuntesLenguajes\React\2-first-steps\src\shopping-cart\itemList.tsx">
        <metrics statements="3" coveredstatements="3" conditionals="0" coveredconditionals="0" methods="2" coveredmethods="2"/>
        <line num="5" count="1" type="stmt"/>
        <line num="13" count="3" type="stmt"/>
        <line num="22" count="9" type="stmt"/>
      </file>
    </package>
  </project>
</coverage>
