{"C:\\Users\\zaddk\\OneDrive - Instituto Politecnico Nacional\\Documents\\ApuntesLenguajes\\React\\2-first-steps\\src\\firstStepsApp.tsx": {"path":"C:\\Users\\zaddk\\OneDrive - Instituto Politecnico Nacional\\Documents\\ApuntesLenguajes\\React\\2-first-steps\\src\\firstStepsApp.tsx","statementMap":{"0":{"start":{"line":5,"column":4},"end":{"line":5,"column":null}},"1":{"start":{"line":12,"column":4},"end":{"line":15,"column":null}},"2":{"start":{"line":21,"column":4},"end":{"line":24,"column":null}},"3":{"start":{"line":31,"column":4},"end":{"line":35,"column":null}},"4":{"start":{"line":43,"column":25},"end":{"line":43,"column":null}},"5":{"start":{"line":44,"column":21},"end":{"line":44,"column":null}},"6":{"start":{"line":45,"column":26},"end":{"line":45,"column":null}},"7":{"start":{"line":46,"column":20},"end":{"line":50,"column":null}},"8":{"start":{"line":52,"column":4},"end":{"line":59,"column":null}},"9":{"start":{"line":66,"column":37},"end":{"line":69,"column":null}},"10":{"start":{"line":73,"column":25},"end":{"line":73,"column":null}},"11":{"start":{"line":75,"column":20},"end":{"line":78,"column":null}},"12":{"start":{"line":84,"column":4},"end":{"line":88,"column":null}}},"fnMap":{"0":{"name":"FirstStepsApp","decl":{"start":{"line":3,"column":16},"end":{"line":3,"column":null}},"loc":{"start":{"line":3,"column":16},"end":{"line":6,"column":null}},"line":3},"1":{"name":"SecondComponent","decl":{"start":{"line":8,"column":16},"end":{"line":8,"column":null}},"loc":{"start":{"line":8,"column":16},"end":{"line":18,"column":null}},"line":8},"2":{"name":"MyAwesomeApp","decl":{"start":{"line":20,"column":16},"end":{"line":20,"column":null}},"loc":{"start":{"line":20,"column":16},"end":{"line":27,"column":null}},"line":20},"3":{"name":"AppWithComponents","decl":{"start":{"line":30,"column":16},"end":{"line":30,"column":null}},"loc":{"start":{"line":30,"column":16},"end":{"line":38,"column":null}},"line":30},"4":{"name":"ComponentWithAttributes","decl":{"start":{"line":41,"column":16},"end":{"line":41,"column":null}},"loc":{"start":{"line":41,"column":16},"end":{"line":62,"column":null}},"line":41},"5":{"name":"ComponentWithStyles","decl":{"start":{"line":72,"column":16},"end":{"line":72,"column":null}},"loc":{"start":{"line":72,"column":16},"end":{"line":91,"column":null}},"line":72}},"branchMap":{},"s":{"0":2,"1":0,"2":0,"3":0,"4":0,"5":0,"6":0,"7":0,"8":0,"9":1,"10":0,"11":0,"12":0},"f":{"0":2,"1":0,"2":0,"3":0,"4":0,"5":0},"b":{},"meta":{"lastBranch":0,"lastFunction":6,"lastStatement":13,"seen":{"f:3:16:3:Infinity":0,"s:5:4:5:Infinity":0,"f:8:16:8:Infinity":1,"s:12:4:15:Infinity":1,"f:20:16:20:Infinity":2,"s:21:4:24:Infinity":2,"f:30:16:30:Infinity":3,"s:31:4:35:Infinity":3,"f:41:16:41:Infinity":4,"s:43:25:43:Infinity":4,"s:44:21:44:Infinity":5,"s:45:26:45:Infinity":6,"s:46:20:50:Infinity":7,"s:52:4:59:Infinity":8,"s:66:37:69:Infinity":9,"f:72:16:72:Infinity":5,"s:73:25:73:Infinity":10,"s:75:20:78:Infinity":11,"s:84:4:88:Infinity":12}}}
,"C:\\Users\\zaddk\\OneDrive - Instituto Politecnico Nacional\\Documents\\ApuntesLenguajes\\React\\2-first-steps\\src\\helpers\\math.helper.ts": {"path":"C:\\Users\\zaddk\\OneDrive - Instituto Politecnico Nacional\\Documents\\ApuntesLenguajes\\React\\2-first-steps\\src\\helpers\\math.helper.ts","statementMap":{"0":{"start":{"line":2,"column":20},"end":{"line":4,"column":null}},"1":{"start":{"line":3,"column":4},"end":{"line":3,"column":null}},"2":{"start":{"line":6,"column":21},"end":{"line":8,"column":null}},"3":{"start":{"line":7,"column":4},"end":{"line":7,"column":null}},"4":{"start":{"line":10,"column":30},"end":{"line":12,"column":null}},"5":{"start":{"line":11,"column":4},"end":{"line":11,"column":null}},"6":{"start":{"line":14,"column":24},"end":{"line":16,"column":null}},"7":{"start":{"line":15,"column":4},"end":{"line":15,"column":null}}},"fnMap":{"0":{"name":"(anonymous_0)","decl":{"start":{"line":2,"column":20},"end":{"line":2,"column":21}},"loc":{"start":{"line":2,"column":31},"end":{"line":4,"column":null}},"line":2},"1":{"name":"(anonymous_1)","decl":{"start":{"line":6,"column":21},"end":{"line":6,"column":22}},"loc":{"start":{"line":6,"column":32},"end":{"line":8,"column":null}},"line":6},"2":{"name":"(anonymous_2)","decl":{"start":{"line":10,"column":30},"end":{"line":10,"column":31}},"loc":{"start":{"line":10,"column":41},"end":{"line":12,"column":null}},"line":10},"3":{"name":"(anonymous_3)","decl":{"start":{"line":14,"column":24},"end":{"line":14,"column":25}},"loc":{"start":{"line":14,"column":35},"end":{"line":16,"column":null}},"line":14}},"branchMap":{},"s":{"0":1,"1":2,"2":1,"3":2,"4":1,"5":3,"6":1,"7":0},"f":{"0":2,"1":2,"2":3,"3":0},"b":{},"meta":{"lastBranch":0,"lastFunction":4,"lastStatement":8,"seen":{"s:2:20:4:Infinity":0,"f:2:20:2:21":0,"s:3:4:3:Infinity":1,"s:6:21:8:Infinity":2,"f:6:21:6:22":1,"s:7:4:7:Infinity":3,"s:10:30:12:Infinity":4,"f:10:30:10:31":2,"s:11:4:11:Infinity":5,"s:14:24:16:Infinity":6,"f:14:24:14:25":3,"s:15:4:15:Infinity":7}}}
,"C:\\Users\\zaddk\\OneDrive - Instituto Politecnico Nacional\\Documents\\ApuntesLenguajes\\React\\2-first-steps\\src\\shopping-cart\\itemCounter.css": {"path":"C:\\Users\\zaddk\\OneDrive - Instituto Politecnico Nacional\\Documents\\ApuntesLenguajes\\React\\2-first-steps\\src\\shopping-cart\\itemCounter.css","statementMap":{},"fnMap":{},"branchMap":{},"s":{},"f":{},"b":{},"meta":{"lastBranch":0,"lastFunction":0,"lastStatement":0,"seen":{}}}
,"C:\\Users\\zaddk\\OneDrive - Instituto Politecnico Nacional\\Documents\\ApuntesLenguajes\\React\\2-first-steps\\src\\shopping-cart\\itemCounter.tsx": {"path":"C:\\Users\\zaddk\\OneDrive - Instituto Politecnico Nacional\\Documents\\ApuntesLenguajes\\React\\2-first-steps\\src\\shopping-cart\\itemCounter.tsx","statementMap":{"0":{"start":{"line":5,"column":4},"end":{"line":9,"column":null}},"1":{"start":{"line":16,"column":4},"end":{"line":21,"column":null}},"2":{"start":{"line":36,"column":4},"end":{"line":41,"column":null}},"3":{"start":{"line":52,"column":4},"end":{"line":55,"column":null}},"4":{"start":{"line":69,"column":34},"end":{"line":73,"column":null}},"5":{"start":{"line":76,"column":4},"end":{"line":86,"column":72}},"6":{"start":{"line":85,"column":28},"end":{"line":86,"column":72}},"7":{"start":{"line":104,"column":4},"end":{"line":113,"column":null}},"8":{"start":{"line":108,"column":27},"end":{"line":108,"column":null}},"9":{"start":{"line":112,"column":27},"end":{"line":112,"column":null}},"10":{"start":{"line":119,"column":4},"end":{"line":119,"column":null}},"11":{"start":{"line":145,"column":39},"end":{"line":145,"column":65}},"12":{"start":{"line":153,"column":31},"end":{"line":158,"column":null}},"13":{"start":{"line":154,"column":8},"end":{"line":157,"column":null}},"14":{"start":{"line":154,"column":31},"end":{"line":154,"column":null}},"15":{"start":{"line":157,"column":13},"end":{"line":157,"column":null}},"16":{"start":{"line":160,"column":31},"end":{"line":163,"column":null}},"17":{"start":{"line":161,"column":8},"end":{"line":162,"column":null}},"18":{"start":{"line":161,"column":30},"end":{"line":161,"column":null}},"19":{"start":{"line":162,"column":13},"end":{"line":162,"column":null}},"20":{"start":{"line":165,"column":4},"end":{"line":174,"column":null}},"21":{"start":{"line":183,"column":39},"end":{"line":183,"column":null}},"22":{"start":{"line":185,"column":31},"end":{"line":188,"column":null}},"23":{"start":{"line":186,"column":8},"end":{"line":187,"column":null}},"24":{"start":{"line":186,"column":31},"end":{"line":186,"column":null}},"25":{"start":{"line":187,"column":13},"end":{"line":187,"column":null}},"26":{"start":{"line":190,"column":31},"end":{"line":193,"column":null}},"27":{"start":{"line":191,"column":8},"end":{"line":192,"column":null}},"28":{"start":{"line":191,"column":30},"end":{"line":191,"column":null}},"29":{"start":{"line":192,"column":13},"end":{"line":192,"column":null}},"30":{"start":{"line":195,"column":4},"end":{"line":209,"column":null}}},"fnMap":{"0":{"name":"ItemCounter","decl":{"start":{"line":4,"column":16},"end":{"line":4,"column":null}},"loc":{"start":{"line":4,"column":16},"end":{"line":12,"column":null}},"line":4},"1":{"name":"Contator","decl":{"start":{"line":15,"column":16},"end":{"line":15,"column":null}},"loc":{"start":{"line":15,"column":16},"end":{"line":24,"column":null}},"line":15},"2":{"name":"ContatorWithProps","decl":{"start":{"line":35,"column":16},"end":{"line":35,"column":35}},"loc":{"start":{"line":35,"column":64},"end":{"line":44,"column":null}},"line":35},"3":{"name":"ItemCounterApp","decl":{"start":{"line":51,"column":16},"end":{"line":51,"column":null}},"loc":{"start":{"line":51,"column":16},"end":{"line":59,"column":null}},"line":51},"4":{"name":"ItemList","decl":{"start":{"line":75,"column":16},"end":{"line":75,"column":null}},"loc":{"start":{"line":75,"column":16},"end":{"line":91,"column":null}},"line":75},"5":{"name":"(anonymous_5)","decl":{"start":{"line":85,"column":28},"end":{"line":85,"column":null}},"loc":{"start":{"line":85,"column":28},"end":{"line":86,"column":72}},"line":85},"6":{"name":"ContatorWithPropsEvents","decl":{"start":{"line":103,"column":16},"end":{"line":103,"column":41}},"loc":{"start":{"line":103,"column":70},"end":{"line":116,"column":null}},"line":103},"7":{"name":"(anonymous_7)","decl":{"start":{"line":108,"column":21},"end":{"line":108,"column":27}},"loc":{"start":{"line":108,"column":27},"end":{"line":108,"column":null}},"line":108},"8":{"name":"(anonymous_8)","decl":{"start":{"line":112,"column":21},"end":{"line":112,"column":27}},"loc":{"start":{"line":112,"column":27},"end":{"line":112,"column":null}},"line":112},"9":{"name":"imprimirIncremento","decl":{"start":{"line":118,"column":9},"end":{"line":118,"column":null}},"loc":{"start":{"line":118,"column":9},"end":{"line":120,"column":null}},"line":118},"10":{"name":"ContatorWithPropsEventsHocks","decl":{"start":{"line":143,"column":16},"end":{"line":143,"column":46}},"loc":{"start":{"line":143,"column":77},"end":{"line":177,"column":null}},"line":143},"11":{"name":"(anonymous_11)","decl":{"start":{"line":153,"column":31},"end":{"line":153,"column":null}},"loc":{"start":{"line":153,"column":31},"end":{"line":158,"column":null}},"line":153},"12":{"name":"(anonymous_12)","decl":{"start":{"line":160,"column":31},"end":{"line":160,"column":null}},"loc":{"start":{"line":160,"column":31},"end":{"line":163,"column":null}},"line":160},"13":{"name":"ContatorWithPropsEventsHocksCSS","decl":{"start":{"line":182,"column":16},"end":{"line":182,"column":49}},"loc":{"start":{"line":182,"column":80},"end":{"line":212,"column":null}},"line":182},"14":{"name":"(anonymous_14)","decl":{"start":{"line":185,"column":31},"end":{"line":185,"column":null}},"loc":{"start":{"line":185,"column":31},"end":{"line":188,"column":null}},"line":185},"15":{"name":"(anonymous_15)","decl":{"start":{"line":190,"column":31},"end":{"line":190,"column":null}},"loc":{"start":{"line":190,"column":31},"end":{"line":193,"column":null}},"line":190}},"branchMap":{"0":{"loc":{"start":{"line":143,"column":47},"end":{"line":143,"column":61}},"type":"default-arg","locations":[{"start":{"line":143,"column":60},"end":{"line":143,"column":61}}],"line":143},"1":{"loc":{"start":{"line":154,"column":8},"end":{"line":157,"column":null}},"type":"if","locations":[{"start":{"line":154,"column":8},"end":{"line":157,"column":null}},{"start":{"line":157,"column":13},"end":{"line":157,"column":null}}],"line":154},"2":{"loc":{"start":{"line":161,"column":8},"end":{"line":162,"column":null}},"type":"if","locations":[{"start":{"line":161,"column":8},"end":{"line":162,"column":null}},{"start":{"line":162,"column":13},"end":{"line":162,"column":null}}],"line":161},"3":{"loc":{"start":{"line":182,"column":50},"end":{"line":182,"column":64}},"type":"default-arg","locations":[{"start":{"line":182,"column":63},"end":{"line":182,"column":64}}],"line":182},"4":{"loc":{"start":{"line":186,"column":8},"end":{"line":187,"column":null}},"type":"if","locations":[{"start":{"line":186,"column":8},"end":{"line":187,"column":null}},{"start":{"line":187,"column":13},"end":{"line":187,"column":null}}],"line":186},"5":{"loc":{"start":{"line":191,"column":8},"end":{"line":192,"column":null}},"type":"if","locations":[{"start":{"line":191,"column":8},"end":{"line":192,"column":null}},{"start":{"line":192,"column":13},"end":{"line":192,"column":null}}],"line":191},"6":{"loc":{"start":{"line":205,"column":24},"end":{"line":205,"column":58}},"type":"cond-expr","locations":[{"start":{"line":205,"column":43},"end":{"line":205,"column":53}},{"start":{"line":205,"column":53},"end":{"line":205,"column":58}}],"line":205}},"s":{"0":0,"1":0,"2":0,"3":0,"4":1,"5":0,"6":0,"7":0,"8":0,"9":0,"10":0,"11":0,"12":0,"13":0,"14":0,"15":0,"16":0,"17":0,"18":0,"19":0,"20":0,"21":6,"22":6,"23":1,"24":0,"25":1,"26":6,"27":2,"28":1,"29":1,"30":6},"f":{"0":0,"1":0,"2":0,"3":0,"4":0,"5":0,"6":0,"7":0,"8":0,"9":0,"10":0,"11":0,"12":0,"13":6,"14":1,"15":2},"b":{"0":[0],"1":[0,0],"2":[0,0],"3":[6],"4":[0,1],"5":[1,1],"6":[4,2]},"meta":{"lastBranch":7,"lastFunction":16,"lastStatement":31,"seen":{"f:4:16:4:Infinity":0,"s:5:4:9:Infinity":0,"f:15:16:15:Infinity":1,"s:16:4:21:Infinity":1,"f:35:16:35:35":2,"s:36:4:41:Infinity":2,"f:51:16:51:Infinity":3,"s:52:4:55:Infinity":3,"s:69:34:73:Infinity":4,"f:75:16:75:Infinity":4,"s:76:4:86:72":5,"f:85:28:85:Infinity":5,"s:85:28:86:72":6,"f:103:16:103:41":6,"s:104:4:113:Infinity":7,"f:108:21:108:27":7,"s:108:27:108:Infinity":8,"f:112:21:112:27":8,"s:112:27:112:Infinity":9,"f:118:9:118:Infinity":9,"s:119:4:119:Infinity":10,"f:143:16:143:46":10,"b:143:60:143:61":0,"s:145:39:145:65":11,"s:153:31:158:Infinity":12,"f:153:31:153:Infinity":11,"b:154:8:157:Infinity:157:13:157:Infinity":1,"s:154:8:157:Infinity":13,"s:154:31:154:Infinity":14,"s:157:13:157:Infinity":15,"s:160:31:163:Infinity":16,"f:160:31:160:Infinity":12,"b:161:8:162:Infinity:162:13:162:Infinity":2,"s:161:8:162:Infinity":17,"s:161:30:161:Infinity":18,"s:162:13:162:Infinity":19,"s:165:4:174:Infinity":20,"f:182:16:182:49":13,"b:182:63:182:64":3,"s:183:39:183:Infinity":21,"s:185:31:188:Infinity":22,"f:185:31:185:Infinity":14,"b:186:8:187:Infinity:187:13:187:Infinity":4,"s:186:8:187:Infinity":23,"s:186:31:186:Infinity":24,"s:187:13:187:Infinity":25,"s:190:31:193:Infinity":26,"f:190:31:190:Infinity":15,"b:191:8:192:Infinity:192:13:192:Infinity":5,"s:191:8:192:Infinity":27,"s:191:30:191:Infinity":28,"s:192:13:192:Infinity":29,"s:195:4:209:Infinity":30,"b:205:43:205:53:205:53:205:58":6}}}
,"C:\\Users\\zaddk\\OneDrive - Instituto Politecnico Nacional\\Documents\\ApuntesLenguajes\\React\\2-first-steps\\src\\shopping-cart\\itemList.tsx": {"path":"C:\\Users\\zaddk\\OneDrive - Instituto Politecnico Nacional\\Documents\\ApuntesLenguajes\\React\\2-first-steps\\src\\shopping-cart\\itemList.tsx","statementMap":{"0":{"start":{"line":5,"column":34},"end":{"line":9,"column":null}},"1":{"start":{"line":13,"column":4},"end":{"line":23,"column":72}},"2":{"start":{"line":22,"column":28},"end":{"line":23,"column":72}}},"fnMap":{"0":{"name":"ItemList","decl":{"start":{"line":12,"column":16},"end":{"line":12,"column":null}},"loc":{"start":{"line":12,"column":16},"end":{"line":28,"column":null}},"line":12},"1":{"name":"(anonymous_1)","decl":{"start":{"line":22,"column":28},"end":{"line":22,"column":null}},"loc":{"start":{"line":22,"column":28},"end":{"line":23,"column":72}},"line":22}},"branchMap":{},"s":{"0":1,"1":3,"2":9},"f":{"0":3,"1":9},"b":{},"meta":{"lastBranch":0,"lastFunction":2,"lastStatement":3,"seen":{"s:5:34:9:Infinity":0,"f:12:16:12:Infinity":0,"s:13:4:23:72":1,"f:22:28:22:Infinity":1,"s:22:28:23:72":2}}}
}
